TN:
SF:src\config\database.config.ts
FNF:0
FNH:0
DA:1,2
DA:3,2
DA:13,2
LF:3
LH:3
BRF:0
BRH:0
end_of_record
TN:
SF:src\controller\task.ts
FN:17,(anonymous_7)
FN:17,(anonymous_8)
FN:51,(anonymous_9)
FN:51,(anonymous_10)
FN:91,(anonymous_11)
FN:91,(anonymous_12)
FN:121,(anonymous_13)
FN:121,(anonymous_14)
FN:167,CheckDeleteAccess
FN:218,CheckUpdateObject
FN:275,CheckCreateTaskObject
FNF:11
FNH:11
FNDA:2,(anonymous_7)
FNDA:2,(anonymous_8)
FNDA:2,(anonymous_9)
FNDA:2,(anonymous_10)
FNDA:2,(anonymous_11)
FNDA:2,(anonymous_12)
FNDA:1,(anonymous_13)
FNDA:1,(anonymous_14)
FNDA:2,CheckDeleteAccess
FNDA:2,CheckUpdateObject
FNDA:2,CheckCreateTaskObject
DA:1,1
DA:17,2
DA:19,2
DA:21,2
DA:24,1
DA:25,1
DA:33,1
DA:37,0
DA:42,1
DA:51,2
DA:55,2
DA:56,1
DA:59,0
DA:60,0
DA:62,0
DA:64,0
DA:66,0
DA:68,0
DA:70,0
DA:72,0
DA:74,0
DA:76,0
DA:82,0
DA:86,1
DA:91,2
DA:93,2
DA:95,2
DA:96,1
DA:99,0
DA:100,0
DA:105,0
DA:109,0
DA:116,1
DA:121,1
DA:124,1
DA:127,1
DA:128,1
DA:130,1
DA:131,1
DA:134,0
DA:137,1
DA:138,1
DA:139,1
DA:140,1
DA:141,1
DA:143,1
DA:144,0
DA:147,1
DA:148,0
DA:152,1
DA:163,1
DA:169,2
DA:170,0
DA:175,2
DA:177,0
DA:182,2
DA:187,2
DA:190,1
DA:198,1
DA:201,0
DA:211,0
DA:221,2
DA:222,0
DA:227,2
DA:229,1
DA:235,1
DA:240,1
DA:243,0
DA:251,1
DA:254,0
DA:264,0
DA:277,2
DA:278,0
DA:284,2
DA:285,1
DA:290,1
DA:291,0
DA:296,1
DA:297,0
DA:303,1
LF:80
LH:50
BRDA:21,0,0,1
BRDA:21,0,1,1
BRDA:56,1,0,0
BRDA:56,1,1,1
BRDA:60,2,0,0
BRDA:60,3,0,0
BRDA:60,3,1,0
BRDA:60,3,2,0
BRDA:64,4,0,0
BRDA:64,5,0,0
BRDA:64,5,1,0
BRDA:64,5,2,0
BRDA:68,6,0,0
BRDA:68,7,0,0
BRDA:68,7,1,0
BRDA:68,7,2,0
BRDA:72,8,0,0
BRDA:72,9,0,0
BRDA:72,9,1,0
BRDA:72,9,2,0
BRDA:96,10,0,0
BRDA:96,10,1,1
BRDA:124,11,0,1
BRDA:124,11,1,0
BRDA:127,12,0,1
BRDA:127,12,1,0
BRDA:130,13,0,1
BRDA:130,13,1,0
BRDA:137,14,0,1
BRDA:137,14,1,1
BRDA:138,15,0,1
BRDA:138,15,1,1
BRDA:143,16,0,0
BRDA:147,17,0,0
BRDA:169,18,0,0
BRDA:169,19,0,2
BRDA:169,19,1,2
BRDA:175,20,0,0
BRDA:175,21,0,2
BRDA:175,21,1,2
BRDA:187,22,0,1
BRDA:187,22,1,1
BRDA:198,23,0,0
BRDA:221,24,0,0
BRDA:221,25,0,2
BRDA:221,25,1,2
BRDA:227,26,0,1
BRDA:227,27,0,2
BRDA:227,27,1,1
BRDA:240,28,0,0
BRDA:240,28,1,1
BRDA:251,29,0,0
BRDA:277,30,0,0
BRDA:277,31,0,2
BRDA:277,31,1,2
BRDA:284,32,0,1
BRDA:284,33,0,2
BRDA:284,33,1,1
BRDA:284,33,2,1
BRDA:290,34,0,0
BRDA:290,35,0,1
BRDA:290,35,1,1
BRDA:290,35,2,1
BRDA:296,36,0,0
BRDA:296,37,0,1
BRDA:296,37,1,1
BRDA:296,37,2,1
BRF:67
BRH:35
end_of_record
TN:
SF:src\controller\user.ts
FN:15,(anonymous_8)
FN:15,(anonymous_9)
FN:48,(anonymous_10)
FN:48,(anonymous_11)
FN:111,(anonymous_12)
FN:111,(anonymous_13)
FN:130,(anonymous_14)
FN:165,ValidaLoginObject
FN:221,ValidateCreateUserObject
FNF:9
FNH:9
FNDA:2,(anonymous_8)
FNDA:2,(anonymous_9)
FNDA:2,(anonymous_10)
FNDA:2,(anonymous_11)
FNDA:3,(anonymous_12)
FNDA:3,(anonymous_13)
FNDA:2,(anonymous_14)
FNDA:2,ValidaLoginObject
FNDA:2,ValidateCreateUserObject
DA:2,1
DA:3,1
DA:4,1
DA:15,2
DA:18,2
DA:20,2
DA:23,0
DA:25,0
DA:26,0
DA:31,0
DA:35,0
DA:36,0
DA:41,2
DA:48,2
DA:50,2
DA:52,2
DA:57,2
DA:63,2
DA:64,2
DA:65,2
DA:66,2
DA:67,2
DA:70,1
DA:74,1
DA:82,1
DA:91,1
DA:106,0
DA:111,3
DA:113,3
DA:114,3
DA:116,1
DA:127,2
DA:130,2
DA:131,2
DA:133,1
DA:136,2
DA:139,1
DA:141,1
DA:150,1
DA:167,2
DA:168,0
DA:174,2
DA:175,0
DA:180,2
DA:181,2
DA:182,0
DA:189,2
DA:190,0
DA:196,2
DA:202,2
DA:205,0
DA:213,2
DA:222,2
DA:223,0
DA:229,2
DA:230,1
DA:236,1
DA:237,0
DA:242,1
DA:243,1
DA:244,0
DA:250,1
DA:251,0
DA:257,1
DA:262,1
DA:264,1
DA:270,0
LF:67
LH:50
BRDA:20,0,0,0
BRDA:20,0,1,2
BRDA:52,1,0,2
BRDA:52,1,1,0
BRDA:63,2,0,2
BRDA:65,3,0,2
BRDA:67,4,0,1
BRDA:67,4,1,1
BRDA:114,5,0,1
BRDA:114,5,1,2
BRDA:114,6,0,3
BRDA:114,6,1,2
BRDA:114,6,2,2
BRDA:131,7,0,1
BRDA:136,8,0,1
BRDA:167,9,0,0
BRDA:167,10,0,2
BRDA:167,10,1,2
BRDA:174,11,0,0
BRDA:174,12,0,2
BRDA:174,12,1,2
BRDA:174,12,2,2
BRDA:181,13,0,0
BRDA:189,14,0,0
BRDA:189,15,0,2
BRDA:189,15,1,2
BRDA:189,15,2,2
BRDA:202,16,0,0
BRDA:222,17,0,0
BRDA:222,18,0,2
BRDA:222,18,1,2
BRDA:229,19,0,1
BRDA:229,20,0,2
BRDA:229,20,1,1
BRDA:229,20,2,1
BRDA:236,21,0,0
BRDA:236,22,0,1
BRDA:236,22,1,1
BRDA:236,22,2,1
BRDA:243,23,0,0
BRDA:250,24,0,0
BRDA:250,25,0,1
BRDA:250,25,1,1
BRDA:250,25,2,1
BRDA:262,26,0,1
BRF:45
BRH:34
end_of_record
TN:
SF:src\model\task.ts
FNF:0
FNH:0
DA:1,1
DA:2,1
DA:13,1
DA:15,1
LF:4
LH:4
BRF:0
BRH:0
end_of_record
TN:
SF:src\model\user.ts
FNF:0
FNH:0
DA:1,1
DA:2,1
DA:12,1
DA:14,1
LF:4
LH:4
BRF:0
BRH:0
end_of_record
